1669758006418	geckodriver	INFO	Listening on 127.0.0.1:64670
1669758006828	mozrunner::runner	INFO	Running command: "/Applications/Firefox.app/Contents/MacOS/firefox-bin" "--marionette" "--remote-debugging-port" "64671" "--remote-allow-hosts" "localhost" "-foreground" "-no-remote" "-profile" "/var/folders/w6/j8jl8xqs5dz0wy7m7hgszkzsht526d/T/rust_mozprofilePvoZSL"
1669758007713	Marionette	INFO	Marionette enabled
2022-11-29 21:40:07.780 plugin-container[15668:1670709] nil host used in call to allowsSpecificHTTPSCertificateForHost
2022-11-29 21:40:07.781 plugin-container[15668:1670709] nil host used in call to allowsAnyHTTPSCertificateForHost:
2022-11-29 21:40:07.829 plugin-container[15668:1670709] nil host used in call to allowsSpecificHTTPSCertificateForHost
2022-11-29 21:40:07.829 plugin-container[15668:1670709] nil host used in call to allowsAnyHTTPSCertificateForHost:
2022-11-29 21:40:07.829 plugin-container[15668:1670707] nil host used in call to allowsSpecificHTTPSCertificateForHost
2022-11-29 21:40:07.829 plugin-container[15668:1670707] nil host used in call to allowsAnyHTTPSCertificateForHost:
1669758008051	Marionette	INFO	Listening on port 64681
Read port: 64681
WebDriver BiDi listening on ws://127.0.0.1:64671
1669758008199	RemoteAgent	WARN	TLS certificate errors will be ignored for this session
console.warn: SearchSettings: "get: No settings file exists, new profile?" (new NotFoundError("Could not open the file at /var/folders/w6/j8jl8xqs5dz0wy7m7hgszkzsht526d/T/rust_mozprofilePvoZSL/search.json.mozlz4", (void 0)))
DevTools listening on ws://127.0.0.1:64671/devtools/browser/0c4ccfe8-bb8a-484e-ac0c-780bc745e854
1669758068429	geckodriver	INFO	Listening on 127.0.0.1:64734
1669758068941	mozrunner::runner	INFO	Running command: "/Applications/Firefox.app/Contents/MacOS/firefox-bin" "--marionette" "--remote-debugging-port" "64735" "--remote-allow-hosts" "localhost" "-foreground" "-no-remote" "-profile" "/var/folders/w6/j8jl8xqs5dz0wy7m7hgszkzsht526d/T/rust_mozprofile70GiEF"
1669758069581	Marionette	INFO	Marionette enabled
1669758069627	Marionette	INFO	Listening on port 64744
Read port: 64744
2022-11-29 21:41:09.696 plugin-container[16168:1672724] nil host used in call to allowsSpecificHTTPSCertificateForHost
2022-11-29 21:41:09.696 plugin-container[16168:1672724] nil host used in call to allowsAnyHTTPSCertificateForHost:
2022-11-29 21:41:09.730 plugin-container[16168:1672724] nil host used in call to allowsSpecificHTTPSCertificateForHost
2022-11-29 21:41:09.730 plugin-container[16168:1672724] nil host used in call to allowsAnyHTTPSCertificateForHost:
2022-11-29 21:41:09.731 plugin-container[16168:1672730] nil host used in call to allowsSpecificHTTPSCertificateForHost
2022-11-29 21:41:09.731 plugin-container[16168:1672730] nil host used in call to allowsAnyHTTPSCertificateForHost:
WebDriver BiDi listening on ws://127.0.0.1:64735
1669758070066	RemoteAgent	WARN	TLS certificate errors will be ignored for this session
console.warn: SearchSettings: "get: No settings file exists, new profile?" (new NotFoundError("Could not open the file at /var/folders/w6/j8jl8xqs5dz0wy7m7hgszkzsht526d/T/rust_mozprofile70GiEF/search.json.mozlz4", (void 0)))
DevTools listening on ws://127.0.0.1:64735/devtools/browser/3d55bdee-b535-4377-bf8c-e2b55cb797b4
1669758210930	Marionette	INFO	Stopped listening on port 64744
1669758213997	Marionette	INFO	Stopped listening on port 64681
